--- SUMMARY ---

==4955== NVPROF is profiling process 4955, command: ./logistic2.exe
==4955== Profiling application: ./logistic2.exe
==4955== Profiling result:
            Type  Time(%)      Time     Calls       Avg       Min       Max  Name
 GPU activities:   99.85%  1.07559s        16  67.224ms  65.068ms  72.598ms  solver(integrationSettings, double const *, double*)
                    0.14%  1.5218ms        21  72.466us     832ns  772.71us  [CUDA memcpy HtoD]
                    0.01%  98.176us        16  6.1360us  5.8240us  7.9360us  [CUDA memcpy DtoH]
No API activities were profiled.


--- SPECIFIC METRICS AND EVENTS ---

==4970== NVPROF is profiling process 4970, command: ./logistic2.exe
==4970== Some kernel(s) will be replayed on device 0 in order to collect all events/metrics.
==4970== Profiling application: ./logistic2.exe
==4970== Profiling result:
==4970== Event result:
Invocations                                Event Name         Min         Max         Avg       Total
Device "GeForce GTX TITAN Black (0)"
    Kernel: solver(integrationSettings, double const *, double*)
          1                         elapsed_cycles_sm   968268726   968268726   968268726   968268726
          1                             active_cycles   938463313   938463313   938463313   938463313

==4970== Metric result:
Invocations                               Metric Name                            Metric Description         Min         Max         Avg
Device "GeForce GTX TITAN Black (0)"
    Kernel: solver(integrationSettings, double const *, double*)
          1                             sm_efficiency                       Multiprocessor Activity      96.92%      96.92%      96.92%
          1                        achieved_occupancy                            Achieved Occupancy    0.265470    0.265470    0.265470
          1                  eligible_warps_per_cycle               Eligible Warps Per Active Cycle    2.748264    2.748264    2.748264
          1                      tex_cache_throughput                      Texture Cache Throughput  0.00000B/s  0.00000B/s  0.00000B/s
          1                      dram_read_throughput                 Device Memory Read Throughput  31.975GB/s  31.975GB/s  31.975GB/s
          1                     dram_write_throughput                Device Memory Write Throughput  19.432GB/s  19.432GB/s  19.432GB/s
          1                            gst_throughput                       Global Store Throughput  19.856GB/s  19.856GB/s  19.856GB/s
          1                            gld_throughput                        Global Load Throughput  247.32GB/s  247.32GB/s  247.32GB/s
          1                     local_load_throughput                  Local Memory Load Throughput  0.00000B/s  0.00000B/s  0.00000B/s
          1                    local_store_throughput                 Local Memory Store Throughput  0.00000B/s  0.00000B/s  0.00000B/s
          1              gld_transactions_per_request          Global Load Transactions Per Request    1.548421    1.548421    1.548421
          1              gst_transactions_per_request         Global Store Transactions Per Request    1.666667    1.666667    1.666667
          1                    shared_load_throughput                 Shared Memory Load Throughput  0.00000B/s  0.00000B/s  0.00000B/s
          1                  l1_cache_global_hit_rate                            L1 Global Hit Rate       0.00%       0.00%       0.00%
          1                   l1_cache_local_hit_rate                             L1 Local Hit Rate       0.00%       0.00%       0.00%
          1                   shared_store_throughput                Shared Memory Store Throughput  0.00000B/s  0.00000B/s  0.00000B/s
          1                        l2_read_throughput                         L2 Throughput (Reads)  247.32GB/s  247.32GB/s  247.32GB/s
          1                       l2_write_throughput                        L2 Throughput (Writes)  19.856GB/s  19.856GB/s  19.856GB/s
          1                     l2_l1_read_throughput                      L2 Throughput (L1 Reads)  247.32GB/s  247.32GB/s  247.32GB/s
          1                    l2_l1_write_throughput                     L2 Throughput (L1 Writes)  19.856GB/s  19.856GB/s  19.856GB/s
          1                l2_texture_read_throughput                 L2 Throughput (Texture Reads)  0.00000B/s  0.00000B/s  0.00000B/s
          1                            gld_efficiency                 Global Memory Load Efficiency      93.00%      93.00%      93.00%
          1                            gst_efficiency                Global Memory Store Efficiency      95.59%      95.59%      95.59%
          1                         shared_efficiency                      Shared Memory Efficiency       0.00%       0.00%       0.00%
          1                             flop_count_dp   Floating Point Operations(Double Precision)  1.8055e+10  1.8055e+10  1.8055e+10
          1                              inst_integer                          Integer Instructions  1.0580e+10  1.0580e+10  1.0580e+10
          1                        inst_compute_ld_st                       Load/Store Instructions  3836542976  3836542976  3836542976
          1                        flop_dp_efficiency                  FLOP Efficiency(Peak Double)      14.57%      14.57%      14.57%
          1                     l1_shared_utilization                  L1/Shared Memory Utilization     Low (1)     Low (1)     Low (1)
          1                            l2_utilization                          L2 Cache Utilization     Low (2)     Low (2)     Low (2)
          1                           tex_utilization                     Texture Cache Utilization    Idle (0)    Idle (0)    Idle (0)
          1                          dram_utilization                     Device Memory Utilization     Low (2)     Low (2)     Low (2)
          1                        sysmem_utilization                     System Memory Utilization     Low (1)     Low (1)     Low (1)
          1                       ldst_fu_utilization          Load/Store Function Unit Utilization     Low (3)     Low (3)     Low (3)
          1                        alu_fu_utilization          Arithmetic Function Unit Utilization     Mid (4)     Mid (4)     Mid (4)
          1                        tex_fu_utilization             Texture Function Unit Utilization    Idle (0)    Idle (0)    Idle (0)
          1                           stall_pipe_busy               Issue Stall Reasons (Pipe Busy)       2.21%       2.21%       2.21%
          1                     stall_exec_dependency    Issue Stall Reasons (Execution Dependency)      43.49%      43.49%      43.49%
          1                   stall_memory_dependency            Issue Stall Reasons (Data Request)      27.45%      27.45%      27.45%
          1                          stall_inst_fetch      Issue Stall Reasons (Instructions Fetch)       7.28%       7.28%       7.28%
          1                             stall_texture                 Issue Stall Reasons (Texture)       0.00%       0.00%       0.00%
          1                        stall_not_selected            Issue Stall Reasons (Not Selected)       6.83%       6.83%       6.83%
          1          stall_constant_memory_dependency      Issue Stall Reasons (Immediate constant)       0.00%       0.00%       0.00%
          1                     stall_memory_throttle         Issue Stall Reasons (Memory Throttle)      11.96%      11.96%      11.96%
          1                                stall_sync         Issue Stall Reasons (Synchronization)       0.00%       0.00%       0.00%
          1                               stall_other                   Issue Stall Reasons (Other)       0.79%       0.79%       0.79%


