--- SUMMARY ---

==6331== NVPROF is profiling process 6331, command: ./lorenz.exe
==6331== Profiling application: ./lorenz.exe
==6331== Profiling result:
            Type  Time(%)      Time     Calls       Avg       Min       Max  Name
 GPU activities:   56.51%  26.970ms         1  26.970ms  26.970ms  26.970ms  solver(integrationSettings, double const *, double*)
                   43.33%  20.678ms         4  5.1696ms  1.1840us  10.879ms  [CUDA memcpy HtoD]
                    0.17%  79.200us         1  79.200us  79.200us  79.200us  [CUDA memcpy DtoH]
No API activities were profiled.


--- SPECIFIC METRICS AND EVENTS ---

==6346== NVPROF is profiling process 6346, command: ./lorenz.exe
==6346== Some kernel(s) will be replayed on device 0 in order to collect all events/metrics.
==6346== Profiling application: ./lorenz.exe
==6346== Profiling result:
==6346== Event result:
Invocations                                Event Name         Min         Max         Avg       Total
Device "GeForce GTX TITAN Black (0)"
    Kernel: solver(integrationSettings, double const *, double*)
          1                         elapsed_cycles_sm   390529167   390529167   390529167   390529167
          1                             active_cycles   383721025   383721025   383721025   383721025

==6346== Metric result:
Invocations                               Metric Name                            Metric Description         Min         Max         Avg
Device "GeForce GTX TITAN Black (0)"
    Kernel: solver(integrationSettings, double const *, double*)
          1                             sm_efficiency                       Multiprocessor Activity      98.26%      98.26%      98.26%
          1                        achieved_occupancy                            Achieved Occupancy    0.434737    0.434737    0.434737
          1                  eligible_warps_per_cycle               Eligible Warps Per Active Cycle   10.702731   10.702731   10.702731
          1                      tex_cache_throughput                      Texture Cache Throughput  33.489MB/s  33.489MB/s  33.489MB/s
          1                      dram_read_throughput                 Device Memory Read Throughput  66.350GB/s  66.350GB/s  66.350GB/s
          1                     dram_write_throughput                Device Memory Write Throughput  66.145GB/s  66.145GB/s  66.145GB/s
          1                            gst_throughput                       Global Store Throughput  69.565GB/s  69.565GB/s  69.565GB/s
          1                            gld_throughput                        Global Load Throughput  147.22GB/s  147.22GB/s  147.22GB/s
          1                     local_load_throughput                  Local Memory Load Throughput  0.00000B/s  0.00000B/s  0.00000B/s
          1                    local_store_throughput                 Local Memory Store Throughput  0.00000B/s  0.00000B/s  0.00000B/s
          1              gld_transactions_per_request          Global Load Transactions Per Request    1.499813    1.499813    1.499813
          1              gst_transactions_per_request         Global Store Transactions Per Request    1.666667    1.666667    1.666667
          1                    shared_load_throughput                 Shared Memory Load Throughput  0.00000B/s  0.00000B/s  0.00000B/s
          1                  l1_cache_global_hit_rate                            L1 Global Hit Rate       0.00%       0.00%       0.00%
          1                   l1_cache_local_hit_rate                             L1 Local Hit Rate       0.00%       0.00%       0.00%
          1                   shared_store_throughput                Shared Memory Store Throughput  0.00000B/s  0.00000B/s  0.00000B/s
          1                        l2_read_throughput                         L2 Throughput (Reads)  147.26GB/s  147.26GB/s  147.26GB/s
          1                       l2_write_throughput                        L2 Throughput (Writes)  69.565GB/s  69.565GB/s  69.565GB/s
          1                     l2_l1_read_throughput                      L2 Throughput (L1 Reads)  147.22GB/s  147.22GB/s  147.22GB/s
          1                    l2_l1_write_throughput                     L2 Throughput (L1 Writes)  69.565GB/s  69.565GB/s  69.565GB/s
          1                l2_texture_read_throughput                 L2 Throughput (Texture Reads)  33.489MB/s  33.489MB/s  33.489MB/s
          1                            gld_efficiency                 Global Memory Load Efficiency      91.66%      91.66%      91.66%
          1                            gst_efficiency                Global Memory Store Efficiency      95.59%      95.59%      95.59%
          1                         shared_efficiency                      Shared Memory Efficiency       0.00%       0.00%       0.00%
          1                             flop_count_dp   Floating Point Operations(Double Precision)  2.2153e+10  2.2153e+10  2.2153e+10
          1                              inst_integer                          Integer Instructions  4461166592  4461166592  4461166592
          1                        inst_compute_ld_st                       Load/Store Instructions  1574305792  1574305792  1574305792
          1                        flop_dp_efficiency                  FLOP Efficiency(Peak Double)      44.32%      44.32%      44.32%
          1                     l1_shared_utilization                  L1/Shared Memory Utilization     Low (1)     Low (1)     Low (1)
          1                            l2_utilization                          L2 Cache Utilization     Low (2)     Low (2)     Low (2)
          1                           tex_utilization                     Texture Cache Utilization     Low (1)     Low (1)     Low (1)
          1                          dram_utilization                     Device Memory Utilization     Mid (5)     Mid (5)     Mid (5)
          1                        sysmem_utilization                     System Memory Utilization     Low (1)     Low (1)     Low (1)
          1                       ldst_fu_utilization          Load/Store Function Unit Utilization     Low (2)     Low (2)     Low (2)
          1                        alu_fu_utilization          Arithmetic Function Unit Utilization    High (8)    High (8)    High (8)
          1                        tex_fu_utilization             Texture Function Unit Utilization     Low (1)     Low (1)     Low (1)
          1                           stall_pipe_busy               Issue Stall Reasons (Pipe Busy)       4.17%       4.17%       4.17%
          1                     stall_exec_dependency    Issue Stall Reasons (Execution Dependency)      31.11%      31.11%      31.11%
          1                   stall_memory_dependency            Issue Stall Reasons (Data Request)      22.48%      22.48%      22.48%
          1                          stall_inst_fetch      Issue Stall Reasons (Instructions Fetch)       6.31%       6.31%       6.31%
          1                             stall_texture                 Issue Stall Reasons (Texture)       0.00%       0.00%       0.00%
          1                        stall_not_selected            Issue Stall Reasons (Not Selected)      28.52%      28.52%      28.52%
          1          stall_constant_memory_dependency      Issue Stall Reasons (Immediate constant)       0.00%       0.00%       0.00%
          1                     stall_memory_throttle         Issue Stall Reasons (Memory Throttle)       5.22%       5.22%       5.22%
          1                                stall_sync         Issue Stall Reasons (Synchronization)       0.00%       0.00%       0.00%
          1                               stall_other                   Issue Stall Reasons (Other)       2.18%       2.18%       2.18%


